<?xml version="1.0" encoding="UTF-8"?>
<testng-results skipped="0" failed="0" total="1" passed="1">
  <reporter-output>
  </reporter-output>
  <suite name="Default suite" duration-ms="24054" started-at="2018-05-21T10:59:46Z" finished-at="2018-05-21T11:00:10Z">
    <groups>
    </groups>
    <test name="Default test" duration-ms="24054" started-at="2018-05-21T10:59:46Z" finished-at="2018-05-21T11:00:10Z">
      <class name="tests.amazonTest.AmazonTest">
        <test-method status="PASS" signature="groupSetup()[pri:0, instance:tests.amazonTest.AmazonTest@7c24b813]" name="groupSetup" duration-ms="21711" started-at="2018-05-21T03:59:46Z" description="Test case to validate prices for first 5 items and sorting of the 5 itmes by price." finished-at="2018-05-21T04:00:08Z">
          <reporter-output>
          </reporter-output>
        </test-method> <!-- groupSetup -->
        <test-method status="PASS" signature="tearDownTest()[pri:0, instance:tests.amazonTest.AmazonTest@7c24b813]" name="tearDownTest" is-config="true" duration-ms="2321" started-at="2018-05-21T04:00:08Z" finished-at="2018-05-21T04:00:10Z">
          <reporter-output>
          </reporter-output>
        </test-method> <!-- tearDownTest -->
      </class> <!-- tests.amazonTest.AmazonTest -->
    </test> <!-- Default test -->
  </suite> <!-- Default suite -->
</testng-results>
