<?xml version="1.0" encoding="UTF-8"?>
<testng-results skipped="0" failed="0" total="1" passed="1">
  <reporter-output>
  </reporter-output>
  <suite name="Limelight Test" duration-ms="20488" started-at="2018-05-21T07:21:22Z" finished-at="2018-05-21T07:21:42Z">
    <groups>
    </groups>
    <test name="Amazon Test" duration-ms="20488" started-at="2018-05-21T07:21:22Z" finished-at="2018-05-21T07:21:42Z">
      <class name="tests.amazonTest.AmazonTest">
        <test-method status="PASS" signature="groupSetup()[pri:0, instance:tests.amazonTest.AmazonTest@7674f035]" name="groupSetup" duration-ms="18159" started-at="2018-05-21T00:21:22Z" description="This will test few cases from Amazon website." finished-at="2018-05-21T00:21:40Z">
          <reporter-output>
          </reporter-output>
        </test-method> <!-- groupSetup -->
        <test-method status="PASS" signature="tearDownTest()[pri:0, instance:tests.amazonTest.AmazonTest@7674f035]" name="tearDownTest" is-config="true" duration-ms="2317" started-at="2018-05-21T00:21:40Z" finished-at="2018-05-21T00:21:42Z">
          <reporter-output>
          </reporter-output>
        </test-method> <!-- tearDownTest -->
      </class> <!-- tests.amazonTest.AmazonTest -->
    </test> <!-- Amazon Test -->
  </suite> <!-- Limelight Test -->
</testng-results>
